mpirun -np 8 ./aco_tsp input/pr1002.tsp
10
110.855044
39.673662
70.862134
314309.604037
3750.000000 10500.000000
3450.000000 10450.000000
3300.000000 10650.000000
3600.000000 11100.000000
3750.000000 11200.000000
3900.000000 11150.000000
4100.000000 11150.000000
4300.000000 11150.000000
4600.000000 11100.000000
4600.000000 10850.000000
4550.000000 10550.000000
4500.000000 10250.000000
4300.000000 10150.000000
4300.000000 9950.000000
4200.000000 9850.000000
4050.000000 9700.000000
4200.000000 9450.000000
4300.000000 9450.000000
4250.000000 9250.000000
4050.000000 9200.000000
3900.000000 9250.000000
3750.000000 9500.000000
3450.000000 9450.000000
3300.000000 9350.000000
3900.000000 10150.000000
4100.000000 10150.000000
4500.000000 9750.000000
4550.000000 8950.000000
4550.000000 8750.000000
4400.000000 8250.000000
4250.000000 8250.000000
4650.000000 8150.000000
4550.000000 7900.000000
4400.000000 7750.000000
4250.000000 7800.000000
4550.000000 7650.000000
4650.000000 7450.000000
4450.000000 7450.000000
4250.000000 7300.000000
4250.000000 6700.000000
4500.000000 6550.000000
4650.000000 6400.000000
4800.000000 6500.000000
5050.000000 6550.000000
5150.000000 6550.000000
5300.000000 6450.000000
5400.000000 6550.000000
5550.000000 6650.000000
5550.000000 6150.000000
5550.000000 6000.000000
5700.000000 6000.000000
5700.000000 6150.000000
5400.000000 6050.000000
5300.000000 6050.000000
5150.000000 6150.000000
5050.000000 6050.000000
4800.000000 6100.000000
4650.000000 6000.000000
4500.000000 6050.000000
4250.000000 5950.000000
4100.000000 5850.000000
3950.000000 5950.000000
3800.000000 5950.000000
3800.000000 6350.000000
3950.000000 6350.000000
4250.000000 6350.000000
4000.000000 5550.000000
4199.000000 5554.000000
4305.000000 5554.000000
4304.000000 5447.000000
4500.000000 5450.000000
4354.000000 5256.000000
4247.000000 5256.000000
4247.000000 5150.000000
4100.000000 5250.000000
4100.000000 5350.000000
4000.000000 5050.000000
4100.000000 4750.000000
3950.000000 4650.000000
4200.000000 4550.000000
4350.000000 4750.000000
4350.000000 4900.000000
4500.000000 4950.000000
4500.000000 4800.000000
4700.000000 4750.000000
4500.000000 4400.000000
4700.000000 4350.000000
4200.000000 4150.000000
3950.000000 4250.000000
3350.000000 4250.000000
3350.000000 4650.000000
3250.000000 5200.000000
3550.000000 3300.000000
3400.000000 3200.000000
3700.000000 3100.000000
3700.000000 2800.000000
3550.000000 2800.000000
3400.000000 2700.000000
4050.000000 2150.000000
4050.000000 2000.000000
3950.000000 1700.000000
4150.000000 1500.000000
4250.000000 1650.000000
4400.000000 1700.000000
4600.000000 1850.000000
4850.000000 1900.000000
4900.000000 2050.000000
5000.000000 2150.000000
5100.000000 2050.000000
5250.000000 2250.000000
5400.000000 2300.000000
5600.000000 2250.000000
5400.000000 2050.000000
5750.000000 2000.000000
5900.000000 2050.000000
6150.000000 2300.000000
6300.000000 2300.000000
6450.000000 2300.000000
6450.000000 2800.000000
6300.000000 2800.000000
6150.000000 2800.000000
6000.000000 2800.000000
5850.000000 3050.000000
6000.000000 3200.000000
6000.000000 3300.000000
6148.000000 3206.000000
6148.000000 3099.000000
6254.000000 3206.000000
6148.000000 3450.000000
6148.000000 3556.000000
6100.000000 3650.000000
6000.000000 3800.000000
6000.000000 3950.000000
6100.000000 4150.000000
6100.000000 4400.000000
6000.000000 4450.000000
6100.000000 4800.000000
6250.000000 5000.000000
6450.000000 4950.000000
6650.000000 4900.000000
6700.000000 5050.000000
6600.000000 5200.000000
6700.000000 5300.000000
6800.000000 5500.000000
6550.000000 5500.000000
6600.000000 5700.000000
6700.000000 5800.000000
6604.000000 5950.000000
6603.000000 6057.000000
6498.000000 6057.000000
6800.000000 6000.000000
7100.000000 5500.000000
7100.000000 5100.000000
7350.000000 4900.000000
7350.000000 4750.000000
7350.000000 4150.000000
7350.000000 4050.000000
7350.000000 3900.000000
7350.000000 3800.000000
6950.000000 3900.000000
6850.000000 3800.000000
6850.000000 4050.000000
6950.000000 4150.000000
6450.000000 3750.000000
6450.000000 3650.000000
6450.000000 3450.000000
6254.000000 3557.000000
5750.000000 3450.000000
5850.000000 3750.000000
5600.000000 3750.000000
5450.000000 3750.000000
5350.000000 3750.000000
5200.000000 3650.000000
5100.000000 3600.000000
4950.000000 3500.000000
4950.000000 3300.000000
5050.000000 3100.000000
5200.000000 3150.000000
5400.000000 2950.000000
5450.000000 2750.000000
5250.000000 2750.000000
5050.000000 2800.000000
5000.000000 2550.000000
5000.000000 2350.000000
4700.000000 2500.000000
4550.000000 2500.000000
4600.000000 2350.000000
4550.000000 2800.000000
4700.000000 2800.000000
4700.000000 3000.000000
4500.000000 2950.000000
4500.000000 3150.000000
4300.000000 3300.000000
4150.000000 3300.000000
4100.000000 3150.000000
4100.000000 2950.000000
4300.000000 2800.000000
4100.000000 3500.000000
4450.000000 3500.000000
4400.000000 3700.000000
4700.000000 3500.000000
5050.000000 3800.000000
5350.000000 4150.000000
5450.000000 4250.000000
5600.000000 4250.000000
5300.000000 5150.000000
5250.000000 5350.000000
5150.000000 5500.000000
5050.000000 5750.000000
5650.000000 5500.000000
5800.000000 5500.000000
5800.000000 5350.000000
5650.000000 5350.000000
5750.000000 5700.000000
5750.000000 5850.000000
5999.000000 5607.000000
6106.000000 5606.000000
5998.000000 5500.000000
6250.000000 5500.000000
6000.000000 6600.000000
6000.000000 7000.000000
5900.000000 7350.000000
5650.000000 7450.000000
5550.000000 7650.000000
5550.000000 7900.000000
5650.000000 8150.000000
6000.000000 7850.000000
5950.000000 7650.000000
6000.000000 8450.000000
6150.000000 8500.000000
6150.000000 8600.000000
6000.000000 8600.000000
6250.000000 8850.000000
6350.000000 8850.000000
6250.000000 8950.000000
6150.000000 9200.000000
6500.000000 9000.000000
6600.000000 9000.000000
6700.000000 9150.000000
6800.000000 9350.000000
6950.000000 9250.000000
7000.000000 9000.000000
6900.000000 9000.000000
6805.000000 8749.000000
6699.000000 8750.000000
6699.000000 8856.000000
6500.000000 8700.000000
6450.000000 8600.000000
6400.000000 8350.000000
6750.000000 8600.000000
6750.000000 8500.000000
6900.000000 8350.000000
6600.000000 8000.000000
7200.000000 8000.000000
7350.000000 7650.000000
7000.000000 7350.000000
7100.000000 6750.000000
7100.000000 6600.000000
8000.000000 7000.000000
8050.000000 7450.000000
8050.000000 7550.000000
8650.000000 7850.000000
9000.000000 7800.000000
9150.000000 7750.000000
9300.000000 7650.000000
9400.000000 7450.000000
9200.000000 7450.000000
9000.000000 7300.000000
9000.000000 6700.000000
9250.000000 6550.000000
9400.000000 6400.000000
9550.000000 6500.000000
9800.000000 6550.000000
9900.000000 6550.000000
10050.000000 6450.000000
10150.000000 6550.000000
10300.000000 6650.000000
10750.000000 6600.000000
10750.000000 7000.000000
10650.000000 7350.000000
10400.000000 7450.000000
10300.000000 7650.000000
10300.000000 7900.000000
10400.000000 8150.000000
10750.000000 8450.000000
10900.000000 8500.000000
10900.000000 8600.000000
10750.000000 8600.000000
11000.000000 8850.000000
11000.000000 8950.000000
11100.000000 8850.000000
11250.000000 8700.000000
11200.000000 8600.000000
11150.000000 8350.000000
11500.000000 8500.000000
11500.000000 8600.000000
11555.000000 8749.000000
11449.000000 8750.000000
11449.000000 8856.000000
11350.000000 9000.000000
11250.000000 9000.000000
11450.000000 9150.000000
11650.000000 9000.000000
11750.000000 9000.000000
11700.000000 9250.000000
11550.000000 9350.000000
11450.000000 9650.000000
11450.000000 9800.000000
11350.000000 9800.000000
11550.000000 9950.000000
11750.000000 9800.000000
11850.000000 9750.000000
12050.000000 9650.000000
12050.000000 9350.000000
12050.000000 9150.000000
12050.000000 9000.000000
11650.000000 8350.000000
11950.000000 8000.000000
12100.000000 7650.000000
11750.000000 7350.000000
11850.000000 6600.000000
11850.000000 6750.000000
11550.000000 6000.000000
11353.000000 6057.000000
11354.000000 5950.000000
11248.000000 6057.000000
11450.000000 5800.000000
11350.000000 5700.000000
11300.000000 5500.000000
11550.000000 5500.000000
11450.000000 5300.000000
11350.000000 5200.000000
11450.000000 5050.000000
11400.000000 4900.000000
11200.000000 4950.000000
11000.000000 5000.000000
10850.000000 4800.000000
10850.000000 4400.000000
10750.000000 4450.000000
10850.000000 4150.000000
10750.000000 3950.000000
10750.000000 3800.000000
10600.000000 3750.000000
10500.000000 3450.000000
10750.000000 3300.000000
10750.000000 3200.000000
10898.000000 3206.000000
11004.000000 3206.000000
10898.000000 3099.000000
10900.000000 2800.000000
11050.000000 2800.000000
11200.000000 2800.000000
11200.000000 2950.000000
10750.000000 2800.000000
10600.000000 3050.000000
10150.000000 2950.000000
10200.000000 2750.000000
10000.000000 2750.000000
9800.000000 2800.000000
9750.000000 2550.000000
9750.000000 2350.000000
9750.000000 2150.000000
9850.000000 2050.000000
9650.000000 2050.000000
9600.000000 1900.000000
9700.000000 1700.000000
9650.000000 1550.000000
9850.000000 1550.000000
10100.000000 1450.000000
10150.000000 2050.000000
10000.000000 2250.000000
10150.000000 2300.000000
10350.000000 2250.000000
10500.000000 2000.000000
10650.000000 2050.000000
10900.000000 2300.000000
11050.000000 2300.000000
11200.000000 2300.000000
11200.000000 3450.000000
11004.000000 3557.000000
10898.000000 3556.000000
10898.000000 3450.000000
10850.000000 3650.000000
11200.000000 3650.000000
11200.000000 3750.000000
11600.000000 3800.000000
11700.000000 3900.000000
11600.000000 4050.000000
11700.000000 4150.000000
12100.000000 4150.000000
12100.000000 4050.000000
12100.000000 3900.000000
12100.000000 3800.000000
12850.000000 4250.000000
12850.000000 4650.000000
12750.000000 5200.000000
12100.000000 4900.000000
12100.000000 4750.000000
11850.000000 5100.000000
11850.000000 5500.000000
11000.000000 5500.000000
10856.000000 5606.000000
10749.000000 5607.000000
10748.000000 5500.000000
10550.000000 5500.000000
10400.000000 5500.000000
10400.000000 5350.000000
10550.000000 5350.000000
10500.000000 5700.000000
10500.000000 5850.000000
10450.000000 6000.000000
10300.000000 6000.000000
10300.000000 6150.000000
10450.000000 6150.000000
10150.000000 6050.000000
10050.000000 6050.000000
9900.000000 6150.000000
9800.000000 6050.000000
9550.000000 6100.000000
9400.000000 6000.000000
9250.000000 6050.000000
9000.000000 5950.000000
8850.000000 5850.000000
8700.000000 5950.000000
8550.000000 5950.000000
8550.000000 6350.000000
8700.000000 6350.000000
9000.000000 6350.000000
8949.000000 5554.000000
9055.000000 5554.000000
9054.000000 5447.000000
8997.000000 5256.000000
8997.000000 5150.000000
9104.000000 5256.000000
8850.000000 5250.000000
8850.000000 5350.000000
8750.000000 5550.000000
8750.000000 5050.000000
8850.000000 4750.000000
8700.000000 4650.000000
8950.000000 4550.000000
9100.000000 4750.000000
9100.000000 4900.000000
9250.000000 4950.000000
9250.000000 4800.000000
9450.000000 4750.000000
9250.000000 4400.000000
9450.000000 4350.000000
8950.000000 4150.000000
8700.000000 4250.000000
8100.000000 4250.000000
8100.000000 4650.000000
8000.000000 5200.000000
9250.000000 5450.000000
9900.000000 5500.000000
10000.000000 5350.000000
10050.000000 5150.000000
9800.000000 5750.000000
9900.000000 7000.000000
10700.000000 7650.000000
10750.000000 7850.000000
11350.000000 8000.000000
10300.000000 8950.000000
10300.000000 8750.000000
9800.000000 8450.000000
9400.000000 8150.000000
9150.000000 8250.000000
9000.000000 8250.000000
9300.000000 7900.000000
9300.000000 8750.000000
9300.000000 8950.000000
9000.000000 9250.000000
8800.000000 9200.000000
8650.000000 9250.000000
8500.000000 9500.000000
8200.000000 9450.000000
8050.000000 9350.000000
7300.000000 9350.000000
7300.000000 9150.000000
7300.000000 9000.000000
7300.000000 9650.000000
7100.000000 9750.000000
7000.000000 9800.000000
7000.000000 10050.000000
7100.000000 10250.000000
7200.000000 10200.000000
7050.000000 10400.000000
7000.000000 10500.000000
6900.000000 10450.000000
6950.000000 10650.000000
7200.000000 10500.000000
6850.000000 10200.000000
6700.000000 10300.000000
6400.000000 10300.000000
6250.000000 10200.000000
6200.000000 10300.000000
6150.000000 10400.000000
6100.000000 10250.000000
5950.000000 10250.000000
6100.000000 10050.000000
6200.000000 9950.000000
6100.000000 9800.000000
5950.000000 9750.000000
6000.000000 9600.000000
5600.000000 9750.000000
5600.000000 10250.000000
5650.000000 10550.000000
5600.000000 10850.000000
5600.000000 11100.000000
5950.000000 11150.000000
6050.000000 11050.000000
6150.000000 11050.000000
6200.000000 11150.000000
6350.000000 11350.000000
6550.000000 11350.000000
6500.000000 11150.000000
6650.000000 11050.000000
6950.000000 11250.000000
6450.000000 11550.000000
6050.000000 11550.000000
5950.000000 11650.000000
5950.000000 10850.000000
5950.000000 10550.000000
6400.000000 10050.000000
6500.000000 10050.000000
6600.000000 9800.000000
6700.000000 9800.000000
6700.000000 9650.000000
6800.000000 9950.000000
8050.000000 10650.000000
8200.000000 10450.000000
8500.000000 10500.000000
8650.000000 10150.000000
8850.000000 10150.000000
9050.000000 10150.000000
9050.000000 9950.000000
8950.000000 9850.000000
8800.000000 9700.000000
8950.000000 9450.000000
9050.000000 9450.000000
9250.000000 9750.000000
9250.000000 10250.000000
9300.000000 10550.000000
9350.000000 10850.000000
9350.000000 11100.000000
9050.000000 11150.000000
8850.000000 11150.000000
8650.000000 11150.000000
8500.000000 11200.000000
8500.000000 11400.000000
8650.000000 11400.000000
8650.000000 11550.000000
8350.000000 11600.000000
8350.000000 11100.000000
9800.000000 11650.000000
10350.000000 11100.000000
10350.000000 10850.000000
10700.000000 10850.000000
10800.000000 11050.000000
10900.000000 11050.000000
10950.000000 11150.000000
10700.000000 11150.000000
10800.000000 11550.000000
10700.000000 11650.000000
11200.000000 11550.000000
11100.000000 11350.000000
11300.000000 11350.000000
11250.000000 11150.000000
11400.000000 11050.000000
11700.000000 11250.000000
11700.000000 10650.000000
11750.000000 10500.000000
11650.000000 10450.000000
11800.000000 10400.000000
11850.000000 10250.000000
11950.000000 10200.000000
11750.000000 10050.000000
11600.000000 10200.000000
11450.000000 10300.000000
11250.000000 10050.000000
11150.000000 10050.000000
10950.000000 9950.000000
10850.000000 10050.000000
10850.000000 10250.000000
10950.000000 10300.000000
10900.000000 10400.000000
11000.000000 10200.000000
11150.000000 10300.000000
10700.000000 10250.000000
10700.000000 10550.000000
10400.000000 10550.000000
10350.000000 10250.000000
10350.000000 9750.000000
10700.000000 9750.000000
10750.000000 9600.000000
10850.000000 9800.000000
10900.000000 9200.000000
11950.000000 10500.000000
12800.000000 10650.000000
12950.000000 10450.000000
13250.000000 10500.000000
13400.000000 10150.000000
13600.000000 10150.000000
13800.000000 10150.000000
13800.000000 9950.000000
13700.000000 9850.000000
13550.000000 9700.000000
13800.000000 9450.000000
13700.000000 9450.000000
13750.000000 9250.000000
13550.000000 9200.000000
13400.000000 9250.000000
13250.000000 9500.000000
12950.000000 9450.000000
12800.000000 9350.000000
14000.000000 9750.000000
14000.000000 10250.000000
14050.000000 10550.000000
14100.000000 10850.000000
14100.000000 11100.000000
13800.000000 11150.000000
13600.000000 11150.000000
13400.000000 11150.000000
13250.000000 11200.000000
13100.000000 11100.000000
13250.000000 11400.000000
13400.000000 11400.000000
13400.000000 11550.000000
13100.000000 11600.000000
14550.000000 11650.000000
15100.000000 11100.000000
15100.000000 10850.000000
15150.000000 10550.000000
15450.000000 10550.000000
15650.000000 10400.000000
15700.000000 10300.000000
15600.000000 10250.000000
15450.000000 10250.000000
15600.000000 10050.000000
15700.000000 9950.000000
15600.000000 9800.000000
15450.000000 9750.000000
15500.000000 9600.000000
15650.000000 9200.000000
15750.000000 8950.000000
15750.000000 8850.000000
15850.000000 8850.000000
16000.000000 9000.000000
16100.000000 9000.000000
16199.000000 8856.000000
16199.000000 8750.000000
16305.000000 8749.000000
16250.000000 8600.000000
16250.000000 8500.000000
16400.000000 8350.000000
16100.000000 8000.000000
15900.000000 8350.000000
15950.000000 8600.000000
16000.000000 8700.000000
15650.000000 8500.000000
15650.000000 8600.000000
15500.000000 8600.000000
15500.000000 8450.000000
15150.000000 8150.000000
15050.000000 7900.000000
15050.000000 7650.000000
15150.000000 7450.000000
15400.000000 7350.000000
15450.000000 7650.000000
15500.000000 7850.000000
15500.000000 7000.000000
15500.000000 6600.000000
15200.000000 6150.000000
15050.000000 6150.000000
15050.000000 6000.000000
15200.000000 6000.000000
15250.000000 5850.000000
15250.000000 5700.000000
15300.000000 5500.000000
15150.000000 5500.000000
15150.000000 5350.000000
15300.000000 5350.000000
15498.000000 5500.000000
15499.000000 5607.000000
15606.000000 5606.000000
15750.000000 5500.000000
16050.000000 5500.000000
16100.000000 5700.000000
16200.000000 5800.000000
16104.000000 5950.000000
16103.000000 6057.000000
15998.000000 6057.000000
16300.000000 6000.000000
16300.000000 5500.000000
16200.000000 5300.000000
16100.000000 5200.000000
16200.000000 5050.000000
16150.000000 4900.000000
15950.000000 4950.000000
15750.000000 5000.000000
15600.000000 4800.000000
15500.000000 4450.000000
15600.000000 4400.000000
15600.000000 4150.000000
15500.000000 3950.000000
15500.000000 3800.000000
15350.000000 3750.000000
15600.000000 3650.000000
15648.000000 3556.000000
15648.000000 3450.000000
15754.000000 3557.000000
15950.000000 3450.000000
15950.000000 3650.000000
15950.000000 3750.000000
16350.000000 3800.000000
16450.000000 3900.000000
16350.000000 4050.000000
16450.000000 4150.000000
16850.000000 4050.000000
16850.000000 4150.000000
16850.000000 3900.000000
16850.000000 3800.000000
16850.000000 4750.000000
16850.000000 4900.000000
16600.000000 5100.000000
16600.000000 5500.000000
16600.000000 6600.000000
16600.000000 6750.000000
16500.000000 7350.000000
16850.000000 7650.000000
16700.000000 8000.000000
16800.000000 9000.000000
16800.000000 9150.000000
16800.000000 9350.000000
16800.000000 9650.000000
16600.000000 9750.000000
16500.000000 9800.000000
16500.000000 10050.000000
16600.000000 10250.000000
16700.000000 10200.000000
16550.000000 10400.000000
16500.000000 10500.000000
16400.000000 10450.000000
16450.000000 10650.000000
16700.000000 10500.000000
16200.000000 10300.000000
16350.000000 10200.000000
16300.000000 9950.000000
16200.000000 9800.000000
16100.000000 9800.000000
16200.000000 9650.000000
16300.000000 9350.000000
16450.000000 9250.000000
16500.000000 9000.000000
16400.000000 9000.000000
16200.000000 9150.000000
16000.000000 10050.000000
15900.000000 10050.000000
15750.000000 10200.000000
15900.000000 10300.000000
15450.000000 10850.000000
15550.000000 11050.000000
15650.000000 11050.000000
15700.000000 11150.000000
15450.000000 11150.000000
15550.000000 11550.000000
15450.000000 11650.000000
15850.000000 11350.000000
16050.000000 11350.000000
16000.000000 11150.000000
16150.000000 11050.000000
16450.000000 11250.000000
15950.000000 11550.000000
15100.000000 10250.000000
15100.000000 9750.000000
15050.000000 8950.000000
15050.000000 8750.000000
14550.000000 8450.000000
14150.000000 8150.000000
14050.000000 7900.000000
13900.000000 7750.000000
13750.000000 7800.000000
14050.000000 7650.000000
14150.000000 7450.000000
13950.000000 7450.000000
13750.000000 7300.000000
13400.000000 7850.000000
13750.000000 8250.000000
13900.000000 8250.000000
14050.000000 8750.000000
14050.000000 8950.000000
12800.000000 7450.000000
12800.000000 7550.000000
12750.000000 7000.000000
13300.000000 6350.000000
13450.000000 6350.000000
13750.000000 6350.000000
14000.000000 6550.000000
14150.000000 6400.000000
14300.000000 6500.000000
14550.000000 6550.000000
14650.000000 6550.000000
14800.000000 6450.000000
14900.000000 6550.000000
15050.000000 6650.000000
14800.000000 6050.000000
14900.000000 6050.000000
14650.000000 6150.000000
14550.000000 6050.000000
14300.000000 6100.000000
14150.000000 6000.000000
14000.000000 6050.000000
13750.000000 5950.000000
13600.000000 5850.000000
13450.000000 5950.000000
13300.000000 5950.000000
13500.000000 5550.000000
13699.000000 5554.000000
13805.000000 5554.000000
13804.000000 5447.000000
13747.000000 5256.000000
13854.000000 5256.000000
13747.000000 5150.000000
13600.000000 5250.000000
13600.000000 5350.000000
13500.000000 5050.000000
13600.000000 4750.000000
13450.000000 4650.000000
13700.000000 4550.000000
13850.000000 4750.000000
13850.000000 4900.000000
14000.000000 4950.000000
14000.000000 4800.000000
14200.000000 4750.000000
14200.000000 4350.000000
14000.000000 4400.000000
13700.000000 4150.000000
13450.000000 4250.000000
13600.000000 3500.000000
13650.000000 3300.000000
13600.000000 3150.000000
13600.000000 2950.000000
13800.000000 2800.000000
14050.000000 2800.000000
14000.000000 2950.000000
14000.000000 3150.000000
14200.000000 3000.000000
14200.000000 2800.000000
14050.000000 2500.000000
14200.000000 2500.000000
14100.000000 2350.000000
14400.000000 2050.000000
14500.000000 2150.000000
14600.000000 2050.000000
14750.000000 2250.000000
14900.000000 2300.000000
15100.000000 2250.000000
14900.000000 2050.000000
14500.000000 2350.000000
14500.000000 2550.000000
14550.000000 2800.000000
14750.000000 2750.000000
14950.000000 2750.000000
14900.000000 2950.000000
14700.000000 3150.000000
14550.000000 3100.000000
14450.000000 3300.000000
14450.000000 3500.000000
14600.000000 3600.000000
14700.000000 3650.000000
14850.000000 3750.000000
14950.000000 3750.000000
15100.000000 3750.000000
15250.000000 3450.000000
15500.000000 3300.000000
15500.000000 3200.000000
15648.000000 3206.000000
15648.000000 3099.000000
15754.000000 3206.000000
15950.000000 2950.000000
15950.000000 2800.000000
15800.000000 2800.000000
15650.000000 2800.000000
15500.000000 2800.000000
15350.000000 3050.000000
15650.000000 2300.000000
15800.000000 2300.000000
15950.000000 2300.000000
15400.000000 2050.000000
15250.000000 2000.000000
14850.000000 1450.000000
14600.000000 1550.000000
14400.000000 1550.000000
14450.000000 1700.000000
14350.000000 1900.000000
14100.000000 1850.000000
13900.000000 1700.000000
13750.000000 1650.000000
13650.000000 1500.000000
13450.000000 1700.000000
13550.000000 2000.000000
13550.000000 2150.000000
13050.000000 1600.000000
12950.000000 1450.000000
12850.000000 1700.000000
13950.000000 1450.000000
12900.000000 2700.000000
13050.000000 2800.000000
13200.000000 2800.000000
13200.000000 3100.000000
13050.000000 3300.000000
12900.000000 3200.000000
13800.000000 3300.000000
13950.000000 3500.000000
13900.000000 3700.000000
14200.000000 3500.000000
14550.000000 3800.000000
14850.000000 4150.000000
14950.000000 4250.000000
15100.000000 4250.000000
14750.000000 5350.000000
14650.000000 5500.000000
14550.000000 5750.000000
14000.000000 5450.000000
14800.000000 5150.000000
14650.000000 7000.000000
13750.000000 6700.000000
10100.000000 4150.000000
10200.000000 4250.000000
10350.000000 4250.000000
10200.000000 3750.000000
10100.000000 3750.000000
9950.000000 3650.000000
9850.000000 3600.000000
9700.000000 3500.000000
9700.000000 3300.000000
9800.000000 3100.000000
9950.000000 3150.000000
9450.000000 3000.000000
9450.000000 2800.000000
9300.000000 2800.000000
9250.000000 2950.000000
9250.000000 3150.000000
9050.000000 3300.000000
8900.000000 3300.000000
8850.000000 3150.000000
8850.000000 2950.000000
9050.000000 2800.000000
9300.000000 2500.000000
9350.000000 2350.000000
9450.000000 2500.000000
9350.000000 1850.000000
9150.000000 1700.000000
9000.000000 1650.000000
8900.000000 1500.000000
8700.000000 1700.000000
8800.000000 2000.000000
8800.000000 2150.000000
8450.000000 2800.000000
8300.000000 2800.000000
8150.000000 2700.000000
8450.000000 3100.000000
8300.000000 3300.000000
8150.000000 3200.000000
8850.000000 3500.000000
9200.000000 3500.000000
9150.000000 3700.000000
9450.000000 3500.000000
9800.000000 3800.000000
10350.000000 3750.000000
9200.000000 1450.000000
8200.000000 1450.000000
8300.000000 1600.000000
8100.000000 1700.000000
6450.000000 2950.000000
5350.000000 1450.000000
5100.000000 1550.000000
4900.000000 1550.000000
4950.000000 1700.000000
4450.000000 1450.000000
3550.000000 1600.000000
3450.000000 1450.000000
3350.000000 1700.000000
1250.000000 2050.000000
1150.000000 2250.000000
1350.000000 2350.000000
1050.000000 2750.000000
1050.000000 1550.000000
1150.000000 4000.000000
3300.000000 7450.000000
3300.000000 7550.000000
3250.000000 7000.000000
3900.000000 7850.000000
5050.000000 8450.000000
5550.000000 8750.000000
5550.000000 8950.000000
5150.000000 7000.000000
5050.000000 11650.000000
3900.000000 11550.000000
3900.000000 11400.000000
3750.000000 11400.000000
3600.000000 11600.000000
3750.000000 10500.000000
