128
936.674077
8.419474
928.103819
13692.179597
1149.850000 1445.750000
1108.470000 1416.220000
1031.610000 1422.130000
1031.610000 1410.320000
1268.090000 1244.980000
1279.910000 1221.360000
1226.700000 1002.870000
1149.850000 996.967000
1078.910000 772.576000
1084.820000 766.670000
1073.000000 766.670000
1055.260000 772.576000
1049.350000 778.481000
1031.610000 784.386000
1013.880000 790.290000
1019.790000 772.576000
1025.700000 754.861000
1019.790000 725.335000
1037.530000 719.430000
1002.050000 719.430000
996.143000 725.335000
978.407000 778.481000
1037.530000 802.101000
1090.730000 796.196000
1108.470000 790.290000
1114.380000 784.386000
1114.380000 796.196000
1132.110000 790.290000
1096.640000 778.481000
1120.290000 743.050000
1132.110000 743.050000
1161.670000 760.765000
1167.590000 766.670000
1179.410000 754.861000
1173.500000 748.955000
1191.230000 766.670000
1185.320000 772.576000
1214.880000 766.670000
1232.620000 760.765000
1232.620000 772.576000
1238.530000 778.481000
1250.350000 754.861000
1244.440000 748.955000
1262.180000 754.861000
1268.090000 748.955000
1268.090000 784.386000
1274.000000 790.290000
1315.380000 796.196000
1173.500000 559.994000
1173.500000 548.184000
1220.790000 536.374000
907.466000 170.261000
895.642000 170.261000
889.730000 164.357000
895.642000 158.451000
889.730000 152.546000
877.906000 152.546000
871.994000 158.451000
871.994000 170.261000
860.171000 170.261000
860.171000 158.451000
848.347000 170.261000
842.435000 152.546000
830.612000 152.546000
818.788000 152.546000
818.788000 164.357000
801.053000 170.261000
795.141000 164.357000
795.141000 152.546000
783.317000 152.546000
771.494000 152.546000
765.581000 158.451000
771.494000 164.357000
765.581000 170.261000
741.934000 170.261000
741.934000 158.451000
730.111000 170.261000
718.287000 158.451000
694.640000 170.261000
670.992000 170.261000
647.346000 170.262000
641.434000 164.357000
635.522000 158.452000
629.611000 152.547000
623.699000 158.452000
629.611000 164.357000
623.699000 170.262000
617.787000 164.357000
611.875000 158.452000
605.963000 164.357000
611.875000 170.262000
600.051000 170.262000
594.140000 164.357000
588.228000 158.452000
582.316000 152.547000
570.492000 152.547000
564.581000 158.452000
558.669000 152.547000
552.757000 158.452000
546.845000 164.357000
540.933000 158.452000
535.022000 164.357000
540.933000 170.262000
529.109000 170.262000
523.198000 164.357000
529.109000 158.452000
523.198000 152.547000
517.286000 158.452000
511.374000 152.547000
511.374000 164.357000
517.286000 170.262000
535.022000 152.547000
546.845000 152.547000
552.757000 170.262000
558.669000 164.357000
564.581000 170.262000
570.492000 164.357000
576.404000 170.262000
582.316000 164.357000
588.228000 170.262000
576.404000 158.452000
594.140000 152.547000
600.051000 158.452000
605.963000 152.547000
617.787000 152.547000
641.434000 152.547000
647.346000 158.452000
635.522000 170.262000
913.377000 152.546000
1545.940000 158.452000
1551.850000 152.547000
1557.770000 158.452000
1563.680000 152.547000
1569.590000 158.452000
1563.680000 164.357000
1569.590000 170.262000
1575.500000 164.357000
1581.410000 158.452000
1587.330000 164.357000
1593.240000 170.262000
1599.150000 164.357000
1593.240000 158.452000
1599.150000 152.547000
1605.060000 158.452000
1610.970000 164.357000
1616.890000 170.262000
1622.800000 164.357000
1628.710000 170.262000
1628.710000 158.452000
1622.800000 152.547000
1616.890000 158.452000
1610.970000 152.547000
1605.060000 170.262000
1581.410000 170.262000
1575.500000 152.547000
1587.330000 152.547000
1557.770000 170.262000
1551.850000 164.357000
1545.940000 170.262000
1540.030000 164.357000
1534.120000 158.452000
1528.210000 164.357000
1534.120000 170.262000
1522.300000 170.262000
1516.380000 164.357000
1522.300000 158.452000
1528.210000 152.547000
1540.030000 152.547000
1516.380000 152.547000
1510.470000 158.452000
1504.560000 152.547000
1498.650000 158.452000
1504.560000 164.357000
1510.470000 170.262000
1498.650000 170.262000
1492.740000 164.357000
1492.740000 152.547000
1652.360000 170.261000
1676.000000 170.261000
1699.650000 158.451000
1711.470000 170.261000
1723.300000 170.261000
1723.300000 158.451000
1746.950000 158.451000
1752.860000 164.357000
1746.950000 170.261000
1752.860000 152.546000
1764.680000 152.546000
1776.510000 152.546000
1776.510000 164.357000
1782.420000 170.261000
1800.150000 164.357000
1800.150000 152.546000
1811.980000 152.546000
1823.800000 152.546000
1841.540000 158.451000
1853.360000 158.451000
1859.270000 152.546000
1871.090000 152.546000
1877.010000 158.451000
1871.090000 164.357000
1877.010000 170.261000
1888.830000 170.261000
1894.740000 152.546000
1853.360000 170.261000
1841.540000 170.261000
1829.710000 170.261000
1610.970000 548.184000
1664.180000 778.481000
1610.970000 973.347000
1569.590000 1522.520000
1522.300000 1723.290000
1729.210000 1741.000000
1735.120000 1746.910000
1711.470000 2048.060000
1723.300000 2048.060000
1723.300000 2036.250000
1746.950000 2036.250000
1752.860000 2042.160000
1746.950000 2048.060000
1752.860000 2030.350000
1764.680000 2030.350000
1776.510000 2030.350000
1776.510000 2042.160000
1782.420000 2048.060000
1800.150000 2042.160000
1800.150000 2030.350000
1811.980000 2030.350000
1823.800000 2030.350000
1829.710000 2048.060000
1841.540000 2048.060000
1841.540000 2036.250000
1853.360000 2036.250000
1859.270000 2030.350000
1871.090000 2030.350000
1877.010000 2036.250000
1871.090000 2042.160000
1877.010000 2048.060000
1888.830000 2048.060000
1894.740000 2030.350000
1853.360000 2048.060000
1699.650000 2036.250000
1676.000000 2048.060000
1652.360000 2048.060000
1622.800000 2042.160000
1628.710000 2036.250000
1622.800000 2030.350000
1616.890000 2036.250000
1610.970000 2030.350000
1605.060000 2036.250000
1599.150000 2042.160000
1593.240000 2036.250000
1587.330000 2042.160000
1581.410000 2036.250000
1575.500000 2030.350000
1569.590000 2036.250000
1563.680000 2030.350000
1557.770000 2036.250000
1551.850000 2042.160000
1545.940000 2036.250000
1551.850000 2030.350000
1540.030000 2030.350000
1534.120000 2036.250000
1528.210000 2030.350000
1522.300000 2036.250000
1528.210000 2042.160000
1534.120000 2048.060000
1540.030000 2042.160000
1545.940000 2048.060000
1557.770000 2048.060000
1563.680000 2042.160000
1569.590000 2048.060000
1575.500000 2042.160000
1581.410000 2048.060000
1593.240000 2048.060000
1605.060000 2048.060000
1610.970000 2042.160000
1616.890000 2048.060000
1628.710000 2048.060000
1599.150000 2030.350000
1587.330000 2030.350000
1522.300000 2048.060000
1516.380000 2042.160000
1510.470000 2048.060000
1504.560000 2042.160000
1510.470000 2036.250000
1516.380000 2030.350000
1504.560000 2030.350000
1498.650000 2036.250000
1492.740000 2030.350000
1492.740000 2042.160000
1498.650000 2048.060000
1327.200000 1906.340000
1315.380000 1882.720000
1291.730000 1882.720000
1268.090000 1929.960000
1244.440000 1929.960000
1238.530000 1935.870000
1232.620000 1941.770000
1191.230000 1959.490000
1167.590000 1959.490000
1161.670000 1965.390000
1167.590000 1935.870000
1179.410000 1924.060000
1185.320000 1894.530000
1126.200000 1918.150000
1132.110000 1935.870000
1102.560000 1953.580000
1096.640000 1959.490000
1090.730000 1953.580000
1067.080000 1929.960000
1049.350000 1924.060000
1037.530000 1924.060000
1043.440000 1941.770000
1019.790000 1953.580000
1025.700000 1971.300000
1031.610000 1906.340000
1049.350000 1900.440000
1078.910000 1882.720000
1114.380000 1894.530000
1090.730000 1918.150000
1013.880000 1876.820000
996.143000 1906.340000
984.319000 1918.150000
895.642000 2036.250000
889.730000 2042.160000
895.642000 2048.060000
907.466000 2048.060000
913.377000 2030.350000
889.730000 2030.350000
877.906000 2030.350000
871.994000 2036.250000
860.171000 2036.250000
860.171000 2048.060000
848.347000 2048.060000
842.435000 2030.350000
830.612000 2030.350000
818.788000 2030.350000
818.788000 2042.160000
801.053000 2048.060000
795.141000 2042.160000
795.141000 2030.350000
783.317000 2030.350000
771.494000 2030.350000
765.581000 2036.250000
771.494000 2042.160000
765.581000 2048.060000
741.934000 2036.250000
741.934000 2048.060000
730.111000 2048.060000
718.287000 2036.250000
694.640000 2048.060000
670.992000 2048.060000
647.346000 2048.060000
641.434000 2042.160000
635.522000 2036.250000
641.434000 2030.350000
647.346000 2036.250000
629.611000 2042.160000
623.699000 2036.250000
617.787000 2030.350000
611.875000 2036.250000
617.787000 2042.160000
623.699000 2048.060000
635.522000 2048.060000
629.611000 2030.350000
605.963000 2030.350000
600.051000 2036.250000
605.963000 2042.160000
600.051000 2048.060000
594.140000 2042.160000
588.228000 2036.250000
582.316000 2030.350000
576.404000 2036.250000
570.492000 2042.160000
576.404000 2048.060000
582.316000 2042.160000
588.228000 2048.060000
594.140000 2030.350000
570.492000 2030.350000
564.581000 2036.250000
558.669000 2042.160000
552.757000 2048.060000
546.845000 2042.160000
540.933000 2048.060000
535.022000 2042.160000
529.109000 2036.250000
523.198000 2030.350000
517.286000 2036.250000
511.374000 2030.350000
511.374000 2042.160000
517.286000 2048.060000
523.198000 2042.160000
529.109000 2048.060000
540.933000 2036.250000
546.845000 2030.350000
552.757000 2036.250000
558.669000 2030.350000
564.581000 2048.060000
535.022000 2030.350000
611.875000 2048.060000
871.994000 2048.060000
741.934000 1746.910000
736.022000 1741.000000
529.108000 1723.290000
576.403000 1522.520000
617.786000 1445.750000
594.138000 1410.320000
605.962000 1398.510000
759.670000 1398.510000
753.758000 1416.220000
753.758000 1274.500000
659.169000 1250.880000
611.874000 1227.260000
594.138000 1244.980000
659.169000 1156.400000
1185.320000 1646.520000
1149.850000 1445.750000
